<html>
<head>
<title>TestNG:  runner</title>
<link href="../testng.css" rel="stylesheet" type="text/css" />
<link href="../my-testng.css" rel="stylesheet" type="text/css" />

<style type="text/css">
.log { display: none;} 
.stack-trace { display: none;} 
</style>
<script type="text/javascript">
<!--
function flip(e) {
  current = e.style.display;
  if (current == 'block') {
    e.style.display = 'none';
    return 0;
  }
  else {
    e.style.display = 'block';
    return 1;
  }
}

function toggleBox(szDivId, elem, msg1, msg2)
{
  var res = -1;  if (document.getElementById) {
    res = flip(document.getElementById(szDivId));
  }
  else if (document.all) {
    // this is the way old msie versions work
    res = flip(document.all[szDivId]);
  }
  if(elem) {
    if(res == 0) elem.innerHTML = msg1; else elem.innerHTML = msg2;
  }

}

function toggleAllBoxes() {
  if (document.getElementsByTagName) {
    d = document.getElementsByTagName('div');
    for (i = 0; i < d.length; i++) {
      if (d[i].className == 'log') {
        flip(d[i]);
      }
    }
  }
}

// -->
</script>

</head>
<body>
<h2 align='center'>runner</h2><table border='1' align="center">
<tr>
<td>Tests passed/Failed/Skipped:</td><td>1/0/1</td>
</tr><tr>
<td>Started on:</td><td>Mon Sep 13 12:54:21 IST 2021</td>
</tr>
<tr><td>Total time:</td><td>50 seconds (50411 ms)</td>
</tr><tr>
<td>Included groups:</td><td></td>
</tr><tr>
<td>Excluded groups:</td><td></td>
</tr>
</table><p/>
<small><i>(Hover the method name to see the test class name)</i></small><p/>
<table width='100%' border='1' class='invocation-passed'>
<tr><td colspan='4' align='center'><b>PASSED TESTS</b></td></tr>
<tr><td><b>Test method</b></td>
<td width="30%"><b>Exception</b></td>
<td width="10%"><b>Time (seconds)</b></td>
<td><b>Instance</b></td>
</tr>
<tr>
<td title='com.Cucumber_exam.Runner.Runner.runScenario()'><b>runScenario</b><br>Test class: com.Cucumber_exam.Runner.Runner<br>Test method: Runs Cucumber Scenarios<br>Parameters: "search ourbrands", "search hotels"<br/>
<a href="#Output-1805443519" onClick='toggleBox("Output-1805443519", this, "Show output", "Hide output");'>Show output</a>

<a href="#Output-1805443519" onClick="toggleAllBoxes();">Show all outputs</a>
<div class='log' id="Output-1805443519">
<div "result">intilize the browser (PASSED : 2s)</div><br/>
<div "result">navigate to marioot website (PASSED : 17s)</div><br/>
<div "result">click on ourbrands from topnavigation (PASSED : 4s)</div><br/>
<div "result">check jw marioot (PASSED : 0s)</div><br/>
<div "result">close the browser (PASSED : 0s)</div><br/>
</div>
</td>
<td></td>
<td>25</td>
<td>com.Cucumber_exam.Runner.Runner@48e4374</td></tr>
</table><p>
<table width='100%' border='1' class='invocation-skipped'>
<tr><td colspan='4' align='center'><b>SKIPPED TESTS</b></td></tr>
<tr><td><b>Test method</b></td>
<td width="30%"><b>Exception</b></td>
<td width="10%"><b>Time (seconds)</b></td>
<td><b>Instance</b></td>
</tr>
<tr>
<td title='com.Cucumber_exam.Runner.Runner.runScenario()'><b>runScenario</b><br>Test class: com.Cucumber_exam.Runner.Runner<br>Test method: Runs Cucumber Scenarios<br>Parameters: "search hotels", "search hotels"<br/>
<a href="#Output-198098993" onClick='toggleBox("Output-198098993", this, "Show output", "Hide output");'>Show output</a>

<a href="#Output-198098993" onClick="toggleAllBoxes();">Show all outputs</a>
<div class='log' id="Output-198098993">
<div "result">intilize the browser (PASSED : 1s)</div><br/>
<div "result">navigate to marioot website (PASSED : 16s)</div><br/>
<div "result">click on find reserve (PASSED : 4s)</div><br/>
<div "result">click on destination and give Chennai (FAILED : 1s)</div><br/>
<div "result">close the browser (SKIPPED)</div><br/>
</div>
</td>
<td><div><pre>org.openqa.selenium.ElementClickInterceptedException: element click intercepted: Element &lt;input id=&quot;VOQAZSPI_search-location&quot; autocomplete=&quot;off&quot; type=&quot;text&quot; name=&quot;destinationAddress.destination&quot; value=&quot;&quot; placeholder=&quot;&quot; aria-label=&quot;City, airport, attraction or address&quot; maxlength=&quot;100&quot; class=&quot;js-geoloc-target single-search single-search-destination js-recent-search js-search-location js-moreoptions-expander js-clear-input l-no-ie-clear l-h-field js-hform-fields  js-auto-complete-input-v2&quot; data-target=&quot;destination&quot; aria-autocomplete=&quot;list&quot;&gt; is not clickable at point (197, 486). Other element would receive the click: &lt;p class=&quot;t-loading-text&quot;&gt;...&lt;/p&gt;
  (Session info: chrome=93.0.4577.63)
Build info: version: &apos;3.141.59&apos;, revision: &apos;e82be7d358&apos;, time: &apos;2018-11-14T08:17:03&apos;
System info: host: &apos;LAPTOP-DGUP2R51&apos;, ip: &apos;192.168.43.240&apos;, os.name: &apos;Windows 10&apos;, os.arch: &apos;amd64&apos;, os.version: &apos;10.0&apos;, java.version: &apos;1.8.0_301&apos;
Driver info: org.openqa.selenium.chrome.ChromeDriver
Capabilities {acceptInsecureCerts: false, browserName: chrome, browserVersion: 93.0.4577.63, chrome: {chromedriverVersion: 92.0.4515.107 (87a818b10553..., userDataDir: C:\Users\91933\AppData\Loca...}, goog:chromeOptions: {debuggerAddress: localhost:60472}, javascriptEnabled: true, networkConnectionEnabled: false, pageLoadStrategy: normal, platform: WINDOWS, platformName: WINDOWS, proxy: Proxy(), setWindowRect: true, strictFileInteractability: false, timeouts: {implicit: 0, pageLoad: 300000, script: 30000}, unhandledPromptBehavior: dismiss and notify, webauthn:extension:credBlob: true, webauthn:extension:largeBlob: true, webauthn:virtualAuthenticators: true}
Session ID: 70e37fcf13cea5f9d2a6643494f2d0fe
	at org.openqa.selenium.remote.http.W3CHttpResponseCodec.createException(W3CHttpResponseCodec.java:187)
	at org.openqa.selenium.remote.http.W3CHttpResponseCodec.decode(W3CHttpResponseCodec.java:122)
	at org.openqa.selenium.remote.http.W3CHttpResponseCodec.decode(W3CHttpResponseCodec.java:49)
	at org.openqa.selenium.remote.HttpCommandExecutor.execute(HttpCommandExecutor.java:158)
	at org.openqa.selenium.remote.service.DriverCommandExecutor.execute(DriverCommandExecutor.java:83)
	at org.openqa.selenium.remote.RemoteWebDriver.execute(RemoteWebDriver.java:552)
	at org.openqa.selenium.remote.RemoteWebElement.execute(RemoteWebElement.java:285)
	at org.openqa.selenium.remote.RemoteWebElement.click(RemoteWebElement.java:84)
	at com.Cucumber_exam.StepDefination.StepDefination.click_on_destination_and_give(StepDefination.java:61)
	at ?.click on destination and give Chennai(src/test/resources/feature/Landing.feature:14)
... Removed 4 stack frames</pre></div><a href='#' onClick='toggleBox("stack-trace198098993", this, "Click to show all stack frames", "Click to hide stack frames")'>Click to show all stack frames</a>
<div class='stack-trace' id='stack-trace198098993'><pre>org.openqa.selenium.ElementClickInterceptedException: element click intercepted: Element &lt;input id=&quot;VOQAZSPI_search-location&quot; autocomplete=&quot;off&quot; type=&quot;text&quot; name=&quot;destinationAddress.destination&quot; value=&quot;&quot; placeholder=&quot;&quot; aria-label=&quot;City, airport, attraction or address&quot; maxlength=&quot;100&quot; class=&quot;js-geoloc-target single-search single-search-destination js-recent-search js-search-location js-moreoptions-expander js-clear-input l-no-ie-clear l-h-field js-hform-fields  js-auto-complete-input-v2&quot; data-target=&quot;destination&quot; aria-autocomplete=&quot;list&quot;&gt; is not clickable at point (197, 486). Other element would receive the click: &lt;p class=&quot;t-loading-text&quot;&gt;...&lt;/p&gt;
  (Session info: chrome=93.0.4577.63)
Build info: version: &apos;3.141.59&apos;, revision: &apos;e82be7d358&apos;, time: &apos;2018-11-14T08:17:03&apos;
System info: host: &apos;LAPTOP-DGUP2R51&apos;, ip: &apos;192.168.43.240&apos;, os.name: &apos;Windows 10&apos;, os.arch: &apos;amd64&apos;, os.version: &apos;10.0&apos;, java.version: &apos;1.8.0_301&apos;
Driver info: org.openqa.selenium.chrome.ChromeDriver
Capabilities {acceptInsecureCerts: false, browserName: chrome, browserVersion: 93.0.4577.63, chrome: {chromedriverVersion: 92.0.4515.107 (87a818b10553..., userDataDir: C:\Users\91933\AppData\Loca...}, goog:chromeOptions: {debuggerAddress: localhost:60472}, javascriptEnabled: true, networkConnectionEnabled: false, pageLoadStrategy: normal, platform: WINDOWS, platformName: WINDOWS, proxy: Proxy(), setWindowRect: true, strictFileInteractability: false, timeouts: {implicit: 0, pageLoad: 300000, script: 30000}, unhandledPromptBehavior: dismiss and notify, webauthn:extension:credBlob: true, webauthn:extension:largeBlob: true, webauthn:virtualAuthenticators: true}
Session ID: 70e37fcf13cea5f9d2a6643494f2d0fe
	at sun.reflect.NativeConstructorAccessorImpl.newInstance0(Native Method)
	at sun.reflect.NativeConstructorAccessorImpl.newInstance(NativeConstructorAccessorImpl.java:62)
	at sun.reflect.DelegatingConstructorAccessorImpl.newInstance(DelegatingConstructorAccessorImpl.java:45)
	at java.lang.reflect.Constructor.newInstance(Constructor.java:423)
	at org.openqa.selenium.remote.http.W3CHttpResponseCodec.createException(W3CHttpResponseCodec.java:187)
	at org.openqa.selenium.remote.http.W3CHttpResponseCodec.decode(W3CHttpResponseCodec.java:122)
	at org.openqa.selenium.remote.http.W3CHttpResponseCodec.decode(W3CHttpResponseCodec.java:49)
	at org.openqa.selenium.remote.HttpCommandExecutor.execute(HttpCommandExecutor.java:158)
	at org.openqa.selenium.remote.service.DriverCommandExecutor.execute(DriverCommandExecutor.java:83)
	at org.openqa.selenium.remote.RemoteWebDriver.execute(RemoteWebDriver.java:552)
	at org.openqa.selenium.remote.RemoteWebElement.execute(RemoteWebElement.java:285)
	at org.openqa.selenium.remote.RemoteWebElement.click(RemoteWebElement.java:84)
	at com.Cucumber_exam.StepDefination.StepDefination.click_on_destination_and_give(StepDefination.java:61)
	at ?.click on destination and give Chennai(src/test/resources/feature/Landing.feature:14)
</pre></div></td>
<td>24</td>
<td>com.Cucumber_exam.Runner.Runner@48e4374</td></tr>
</table><p>
</body>
</html>